TN:
SF:src/Ashurbanipal.sol
DA:57,3
FN:57,Ashurbanipal.onlyNabu
FNDA:3,Ashurbanipal.onlyNabu
DA:58,3
BRDA:58,0,0,0
BRDA:58,0,1,0
DA:67,132
FN:67,Ashurbanipal.constructor
FNDA:132,Ashurbanipal.constructor
DA:68,132
DA:69,132
DA:83,127
FN:83,Ashurbanipal.mint
FNDA:127,Ashurbanipal.mint
DA:84,127
DA:85,127
DA:91,3
FN:91,Ashurbanipal.getNabuAddress
FNDA:3,Ashurbanipal.getNabuAddress
DA:92,3
DA:104,12
FN:104,Ashurbanipal.updateFreezelist
FNDA:12,Ashurbanipal.updateFreezelist
DA:105,12
DA:106,12
DA:114,2
FN:114,Ashurbanipal.updateNabuAddress
FNDA:2,Ashurbanipal.updateNabuAddress
DA:115,2
BRDA:115,1,0,1
DA:116,1
DA:117,1
DA:127,2
FN:127,Ashurbanipal.updateUri
FNDA:2,Ashurbanipal.updateUri
DA:128,2
DA:129,2
DA:137,4
FN:137,Ashurbanipal.uri
FNDA:4,Ashurbanipal.uri
DA:138,4
DA:142,461
FN:142,Ashurbanipal._useBeforeTokenTransfer
FNDA:461,Ashurbanipal._useBeforeTokenTransfer
DA:143,461
DA:147,461
FN:147,Ashurbanipal._beforeTokenTransfer
FNDA:461,Ashurbanipal._beforeTokenTransfer
DA:152,461
DA:154,461
DA:155,463
DA:157,463
BRDA:157,2,0,5
DA:158,5
DA:162,458
DA:168,457
FN:168,Ashurbanipal._useAfterTokenTransfer
FNDA:457,Ashurbanipal._useAfterTokenTransfer
DA:169,457
DA:176,456
FN:176,Ashurbanipal._afterTokenTransfer
FNDA:456,Ashurbanipal._afterTokenTransfer
DA:180,456
BRDA:180,3,0,127
DA:181,127
DA:184,329
DA:186,329
DA:187,330
DA:191,330
BRDA:191,4,0,325
DA:192,325
DA:196,330
FNF:12
FNH:12
LF:42
LH:42
BRF:6
BRH:4
end_of_record
TN:
SF:src/Enkidu.sol
DA:135,36
FN:135,Enkidu.constructor
FNDA:36,Enkidu.constructor
DA:136,36
DA:138,36
DA:139,36
DA:145,2
FN:145,Enkidu.getAshurbanipalAddress
FNDA:2,Enkidu.getAshurbanipalAddress
DA:146,2
DA:152,2
FN:152,Enkidu.getHumbabaAddress
FNDA:2,Enkidu.getHumbabaAddress
DA:153,2
DA:161,1
FN:161,Enkidu.updateAshurbanipal
FNDA:1,Enkidu.updateAshurbanipal
DA:162,1
DA:163,1
DA:171,1
FN:171,Enkidu.updateHumbaba
FNDA:1,Enkidu.updateHumbaba
DA:172,1
DA:173,1
DA:185,43
FN:185,Enkidu._isWhitelisted
FNDA:43,Enkidu._isWhitelisted
DA:186,43
BRDA:186,0,0,3
DA:188,40
BRDA:188,1,0,3
DA:189,37
BRDA:189,2,0,3
DA:190,34
BRDA:190,3,0,3
DA:191,31
BRDA:191,4,0,3
DA:192,28
BRDA:192,5,0,3
DA:193,25
BRDA:193,6,0,3
DA:194,22
BRDA:194,7,0,3
DA:196,19
BRDA:196,8,0,7
DA:198,12
BRDA:198,9,0,2
DA:199,2
DA:200,2
DA:201,2
DA:202,2
DA:203,2
DA:204,2
DA:205,1
DA:208,10
DA:216,28
FN:216,Enkidu._distribute
FNDA:28,Enkidu._distribute
DA:217,28
BRDA:217,10,0,2
DA:218,2
DA:221,26
DA:232,2
FN:232,Enkidu.adminMint
FNDA:2,Enkidu.adminMint
DA:233,2
DA:234,2
DA:248,29
FN:248,Enkidu.mint
FNDA:29,Enkidu.mint
DA:249,29
BRDA:249,11,0,1
DA:250,1
DA:253,28
DA:256,28
BRDA:256,12,0,1
DA:257,1
DA:262,27
DA:263,27
DA:265,27
BRDA:265,13,0,1
BRDA:265,13,1,26
DA:266,1
DA:268,26
DA:272,27
DA:275,27
BRDA:275,14,0,26
DA:276,26
DA:280,27
DA:282,16
BRDA:282,15,0,16
DA:283,16
BRDA:283,16,0,2
BRDA:283,16,1,14
DA:284,2
DA:286,14
DA:290,27
DA:291,27
DA:293,27
BRDA:293,17,0,1
DA:294,1
DA:298,26
BRDA:298,18,0,16
DA:299,16
DA:303,26
DA:304,26
DA:313,40
FN:313,Enkidu.updateActive
FNDA:40,Enkidu.updateActive
DA:314,40
DA:315,40
DA:324,38
FN:324,Enkidu.updatePrice
FNDA:38,Enkidu.updatePrice
DA:325,38
DA:326,38
DA:336,4
FN:336,Enkidu.withdraw
FNDA:4,Enkidu.withdraw
DA:337,4
DA:339,4
BRDA:339,19,0,1
DA:340,1
DA:343,4
DA:345,4
BRDA:345,20,0,2
DA:346,2
DA:349,4
DA:351,4
BRDA:351,21,0,1
DA:352,1
FNF:12
FNH:12
LF:83
LH:83
BRF:24
BRH:24
end_of_record
TN:
SF:src/Humbaba.sol
DA:36,44
FN:36,Humbaba.constructor
FNDA:44,Humbaba.constructor
DA:37,44
DA:38,44
DA:42,1
FN:42,Humbaba.name
FNDA:1,Humbaba.name
DA:43,1
DA:47,1
FN:47,Humbaba.symbol
FNDA:1,Humbaba.symbol
DA:48,1
DA:56,7
FN:56,Humbaba.adminMintTo
FNDA:7,Humbaba.adminMintTo
DA:57,7
DA:59,7
DA:61,7
DA:69,2
FN:69,Humbaba.tokenURI
FNDA:2,Humbaba.tokenURI
DA:70,2
BRDA:70,0,0,1
DA:71,1
DA:74,1
DA:83,1
FN:83,Humbaba.updateBaseUri
FNDA:1,Humbaba.updateBaseUri
DA:84,1
DA:85,1
FNF:6
FNH:6
LF:18
LH:18
BRF:1
BRH:1
end_of_record
TN:
SF:src/Nabu.sol
DA:255,13
FN:255,Nabu.onlyWorkAdmin
FNDA:13,Nabu.onlyWorkAdmin
DA:256,13
DA:258,13
BRDA:258,0,0,1
DA:259,1
DA:267,3
FN:267,Nabu.onlyWorkAdminNotTooLate
FNDA:3,Nabu.onlyWorkAdminNotTooLate
DA:268,3
DA:269,3
DA:271,3
BRDA:271,1,0,1
DA:272,1
DA:275,2
DA:277,2
BRDA:277,2,0,1
DA:278,1
DA:284,132
FN:284,Nabu.constructor
FNDA:132,Nabu.constructor
DA:285,132
DA:295,3
FN:295,Nabu.adminAssignPassageContent
FNDA:3,Nabu.adminAssignPassageContent
DA:299,3
BRDA:299,3,0,1
DA:300,1
DA:304,2
BRDA:304,4,0,1
DA:305,1
DA:309,1
DA:312,1
DA:314,1
DA:317,1
DA:319,1
DA:321,1
DA:323,1
DA:325,1
DA:327,1
DA:339,3
FN:339,Nabu.adminAssignPassageMetadata
FNDA:3,Nabu.adminAssignPassageMetadata
DA:343,3
BRDA:343,5,0,1
DA:344,1
DA:348,2
BRDA:348,6,0,1
DA:349,1
DA:352,1
DA:355,1
DA:357,1
DA:359,1
DA:360,1
DA:361,1
DA:366,1
DA:368,1
DA:382,50
FN:382,Nabu.assignPassageContent
FNDA:50,Nabu.assignPassageContent
DA:383,50
BRDA:383,7,0,1
DA:384,1
DA:390,49
BRDA:390,8,0,1
DA:391,1
DA:395,1
BRDA:395,9,0,1
DA:396,1
DA:399,47
DA:403,47
BRDA:403,10,0,1
DA:404,1
DA:408,46
BRDA:408,11,0,1
DA:409,1
DA:413,45
DA:415,45
BRDA:415,12,0,4
BRDA:415,12,1,10
DA:417,4
DA:418,41
BRDA:418,13,0,10
DA:420,10
DA:424,45
BRDA:424,14,0,2
DA:425,2
DA:429,43
BRDA:429,15,0,1
DA:430,1
DA:435,42
DA:436,42
BRDA:436,16,0,1
DA:437,1
DA:442,41
DA:445,41
DA:448,41
DA:451,41
BRDA:451,17,0,12
BRDA:451,17,1,6
DA:453,12
BRDA:453,18,0,9
BRDA:453,18,1,6
DA:455,9
BRDA:455,19,0,3
BRDA:455,19,1,6
DA:457,3
DA:458,3
DA:461,6
DA:462,6
DA:468,3
DA:469,3
DA:470,3
DA:471,3
DA:472,3
DA:477,29
DA:478,29
DA:479,29
DA:483,3
DA:485,41
DA:503,14
FN:503,Nabu.assignPassageMetadata
FNDA:14,Nabu.assignPassageMetadata
DA:504,14
BRDA:504,20,0,1
DA:505,1
DA:511,13
BRDA:511,21,0,1
DA:512,1
DA:516,1
BRDA:516,22,0,1
DA:517,1
DA:520,11
DA:524,11
BRDA:524,23,0,1
DA:525,1
DA:528,10
BRDA:528,24,0,1
DA:529,1
DA:533,9
DA:535,9
BRDA:535,25,0,2
BRDA:535,25,1,7
DA:536,2
DA:538,7
DA:542,9
BRDA:542,26,0,1
DA:543,1
DA:547,8
BRDA:547,27,0,1
DA:548,1
DA:553,7
DA:554,7
BRDA:554,28,0,1
DA:555,1
DA:559,6
DA:562,6
DA:564,6
BRDA:564,29,0,1
DA:565,1
BRDA:565,30,0,1
DA:566,1
DA:570,5
DA:571,5
DA:572,5
DA:573,5
DA:575,5
DA:587,21
FN:587,Nabu.confirmPassageContent
FNDA:21,Nabu.confirmPassageContent
DA:591,21
BRDA:591,31,0,1
DA:592,1
DA:596,1
BRDA:596,32,0,1
DA:597,1
DA:600,19
DA:603,19
BRDA:603,33,0,1
DA:604,1
DA:608,18
BRDA:608,34,0,1
DA:609,1
DA:613,17
BRDA:613,35,0,1
DA:614,1
DA:618,16
DA:620,16
BRDA:620,36,0,6
BRDA:620,36,1,10
DA:622,6
DA:625,10
DA:629,16
BRDA:629,37,0,2
DA:630,2
DA:634,14
BRDA:634,38,0,1
DA:635,1
DA:640,13
DA:641,13
BRDA:641,39,0,1
DA:642,1
DA:646,12
DA:648,12
BRDA:648,40,0,5
BRDA:648,40,1,7
DA:650,5
DA:651,5
DA:654,7
DA:658,5
DA:660,12
DA:678,130
FN:678,Nabu.createWork
FNDA:130,Nabu.createWork
DA:687,130
BRDA:687,41,0,1
DA:688,1
DA:691,129
BRDA:691,42,0,1
DA:692,1
DA:695,128
BRDA:695,43,0,1
DA:696,1
DA:699,127
DA:700,127
BRDA:700,44,0,1
DA:701,1
DA:704,127
DA:706,127
DA:709,127
DA:722,127
DA:723,127
DA:725,127
DA:740,2
FN:740,Nabu.getAshurbanipalAddress
FNDA:2,Nabu.getAshurbanipalAddress
DA:741,2
DA:749,134
FN:749,Nabu.updateAshurbanipal
FNDA:134,Nabu.updateAshurbanipal
DA:750,134
BRDA:750,45,0,1
DA:751,1
DA:754,133
DA:755,133
DA:766,12
FN:766,Nabu.updateBlacklist
FNDA:12,Nabu.updateBlacklist
DA:767,12
DA:770,12
DA:772,12
DA:782,4
FN:782,Nabu.updateWorkAdmin
FNDA:4,Nabu.updateWorkAdmin
DA:783,4
BRDA:783,46,0,1
DA:784,1
DA:787,3
DA:788,3
DA:789,3
DA:800,1
FN:800,Nabu.updateWorkAuthor
FNDA:1,Nabu.updateWorkAuthor
DA:801,1
DA:802,1
DA:811,1
FN:811,Nabu.updateWorkMetadata
FNDA:1,Nabu.updateWorkMetadata
DA:812,1
DA:813,1
DA:822,3
FN:822,Nabu.updateWorkTitle
FNDA:3,Nabu.updateWorkTitle
DA:823,3
BRDA:823,47,0,1
DA:824,1
DA:827,2
DA:828,2
DA:838,2
FN:838,Nabu.updateWorkTotalPassagesCount
FNDA:2,Nabu.updateWorkTotalPassagesCount
DA:842,2
BRDA:842,48,0,1
DA:843,1
DA:846,1
DA:847,1
DA:857,2
FN:857,Nabu.updateWorkUri
FNDA:2,Nabu.updateWorkUri
DA:858,2
DA:859,2
DA:860,2
DA:869,19
FN:869,Nabu.getPassage
FNDA:19,Nabu.getPassage
DA:875,19
BRDA:875,49,0,1
DA:876,1
DA:879,18
DA:881,18
DA:882,18
DA:884,18
BRDA:884,50,0,16
DA:885,16
DA:886,16
DA:889,18
BRDA:889,51,0,4
DA:890,4
DA:891,4
DA:894,18
DA:911,22
FN:911,Nabu.getWork
FNDA:22,Nabu.getWork
DA:912,22
DA:921,3
FN:921,Nabu.getIsBlacklisted
FNDA:3,Nabu.getIsBlacklisted
DA:922,3
FNF:21
FNH:21
LF:218
LH:218
BRF:59
BRH:59
end_of_record
