TN:
SF:src/Ashurbanipal.sol
DA:44,3
FN:44,Ashurbanipal.onlyNabu
FNDA:3,Ashurbanipal.onlyNabu
DA:45,3
BRDA:45,0,0,1
BRDA:45,0,1,126
DA:52,129
FN:52,Ashurbanipal.constructor
FNDA:129,Ashurbanipal.constructor
DA:53,129
DA:54,129
DA:66,127
FN:66,Ashurbanipal.mint
FNDA:127,Ashurbanipal.mint
DA:67,126
DA:68,126
DA:74,3
FN:74,Ashurbanipal.getNabuAddress
FNDA:3,Ashurbanipal.getNabuAddress
DA:75,3
DA:86,12
FN:86,Ashurbanipal.updateFreezelist
FNDA:12,Ashurbanipal.updateFreezelist
DA:87,12
DA:88,12
DA:96,2
FN:96,Ashurbanipal.updateNabuAddress
FNDA:2,Ashurbanipal.updateNabuAddress
DA:97,1
DA:98,1
DA:107,3
FN:107,Ashurbanipal.updateUri
FNDA:3,Ashurbanipal.updateUri
DA:108,2
DA:109,2
DA:115,4
FN:115,Ashurbanipal.uri
FNDA:4,Ashurbanipal.uri
DA:116,4
DA:119,459
FN:119,Ashurbanipal._useBeforeTokenTransfer
FNDA:459,Ashurbanipal._useBeforeTokenTransfer
DA:120,459
DA:124,459
FN:124,Ashurbanipal._beforeTokenTransfer
FNDA:459,Ashurbanipal._beforeTokenTransfer
DA:129,459
DA:131,459
DA:132,461
DA:134,461
BRDA:134,1,0,5
DA:135,5
DA:139,456
DA:144,455
FN:144,Ashurbanipal._useAfterTokenTransfer
FNDA:455,Ashurbanipal._useAfterTokenTransfer
DA:145,455
DA:150,454
FN:150,Ashurbanipal._afterTokenTransfer
FNDA:454,Ashurbanipal._afterTokenTransfer
DA:154,454
BRDA:154,2,0,454
DA:156,328
DA:158,328
DA:159,329
DA:163,329
BRDA:163,3,0,324
DA:164,324
DA:168,329
FNF:12
FNH:12
LF:40
LH:40
BRF:5
BRH:5
end_of_record
TN:
SF:src/Enkidu.sol
DA:115,35
FN:115,Enkidu.constructor
FNDA:35,Enkidu.constructor
DA:116,35
DA:118,35
DA:119,35
DA:125,2
FN:125,Enkidu.getAshurbanipalAddress
FNDA:2,Enkidu.getAshurbanipalAddress
DA:126,2
DA:132,2
FN:132,Enkidu.getHumbabaAddress
FNDA:2,Enkidu.getHumbabaAddress
DA:133,2
DA:139,2
FN:139,Enkidu.updateHumbaba
FNDA:2,Enkidu.updateHumbaba
DA:140,1
DA:141,1
DA:146,33
FN:146,Enkidu._isWhitelisted
FNDA:33,Enkidu._isWhitelisted
DA:147,33
BRDA:147,0,0,2
DA:148,31
BRDA:148,1,0,2
DA:149,29
BRDA:149,2,0,2
DA:150,27
BRDA:150,3,0,2
DA:151,25
BRDA:151,4,0,2
DA:152,23
BRDA:152,5,0,2
DA:153,21
BRDA:153,6,0,2
DA:154,19
BRDA:154,7,0,2
DA:155,17
BRDA:155,8,0,6
DA:157,11
BRDA:157,9,0,1
DA:158,1
DA:159,1
DA:160,1
DA:161,1
DA:162,1
DA:163,1
DA:164,0
DA:167,10
DA:175,27
FN:175,Enkidu._distribute
FNDA:27,Enkidu._distribute
DA:176,27
BRDA:176,10,0,2
DA:177,2
DA:180,25
DA:190,3
FN:190,Enkidu.adminMint
FNDA:3,Enkidu.adminMint
DA:191,2
DA:192,1
DA:204,28
FN:204,Enkidu.mint
FNDA:28,Enkidu.mint
DA:205,28
BRDA:205,11,0,1
DA:206,1
DA:209,27
DA:212,27
BRDA:212,12,0,1
DA:213,1
DA:218,26
DA:219,26
DA:221,26
BRDA:221,13,0,1
BRDA:221,13,1,25
DA:222,1
DA:224,25
DA:228,26
DA:231,26
BRDA:231,14,0,25
DA:232,25
DA:236,26
DA:238,15
BRDA:238,15,0,15
DA:239,15
BRDA:239,16,0,2
BRDA:239,16,1,13
DA:240,2
DA:242,13
DA:246,26
DA:247,26
DA:249,26
BRDA:249,17,0,1
DA:250,1
DA:254,25
BRDA:254,18,0,15
DA:255,15
DA:259,25
DA:260,24
DA:269,40
FN:269,Enkidu.updateActive
FNDA:40,Enkidu.updateActive
DA:270,39
DA:271,39
DA:280,38
FN:280,Enkidu.updatePrice
FNDA:38,Enkidu.updatePrice
DA:281,37
DA:282,37
DA:290,2
FN:290,Enkidu.updateAshurbanipal
FNDA:2,Enkidu.updateAshurbanipal
DA:291,1
DA:292,1
DA:302,5
FN:302,Enkidu.withdraw
FNDA:5,Enkidu.withdraw
DA:303,4
DA:305,4
BRDA:305,19,0,1
DA:306,1
DA:309,4
DA:311,4
BRDA:311,20,0,2
DA:312,2
DA:315,4
DA:316,4
BRDA:316,21,0,1
BRDA:316,21,1,3
FNF:12
FNH:12
LF:82
LH:81
BRF:25
BRH:25
end_of_record
TN:
SF:src/Humbaba.sol
DA:31,43
FN:31,Humbaba.constructor
FNDA:43,Humbaba.constructor
DA:32,43
DA:33,43
DA:37,1
FN:37,Humbaba.name
FNDA:1,Humbaba.name
DA:38,1
DA:42,1
FN:42,Humbaba.symbol
FNDA:1,Humbaba.symbol
DA:43,1
DA:51,7
FN:51,Humbaba.adminMintTo
FNDA:7,Humbaba.adminMintTo
DA:52,6
DA:54,6
DA:56,6
DA:64,2
FN:64,Humbaba.tokenURI
FNDA:2,Humbaba.tokenURI
DA:65,2
BRDA:65,0,0,1
DA:66,1
DA:69,1
DA:78,2
FN:78,Humbaba.updateBaseURI
FNDA:2,Humbaba.updateBaseURI
DA:79,1
DA:80,1
FNF:6
FNH:6
LF:18
LH:18
BRF:1
BRH:1
end_of_record
TN:
SF:src/Nabu.sol
DA:209,13
FN:209,Nabu.onlyWorkAdmin
FNDA:13,Nabu.onlyWorkAdmin
DA:210,13
DA:211,13
BRDA:211,0,0,1
DA:216,3
FN:216,Nabu.onlyWorkAdminNotTooLate
FNDA:3,Nabu.onlyWorkAdminNotTooLate
DA:217,3
DA:218,3
DA:219,3
BRDA:219,1,0,2
BRDA:219,1,1,4
DA:220,2
DA:222,2
BRDA:222,2,0,1
BRDA:222,2,1,3
DA:227,129
FN:227,Nabu.constructor
FNDA:129,Nabu.constructor
DA:228,129
DA:238,3
FN:238,Nabu.adminAssignPassageContent
FNDA:3,Nabu.adminAssignPassageContent
DA:242,3
BRDA:242,3,0,1
DA:243,1
DA:247,2
BRDA:247,4,0,1
DA:248,1
DA:252,1
DA:255,1
DA:257,1
DA:260,1
DA:262,1
DA:264,1
DA:266,1
DA:268,1
DA:270,1
DA:281,3
FN:281,Nabu.adminAssignPassageMetadata
FNDA:3,Nabu.adminAssignPassageMetadata
DA:285,3
BRDA:285,5,0,1
DA:286,1
DA:290,2
BRDA:290,6,0,1
DA:291,1
DA:294,1
DA:297,1
DA:299,1
DA:301,1
DA:302,1
DA:303,1
DA:307,1
DA:309,1
DA:323,50
FN:323,Nabu.assignPassageContent
FNDA:50,Nabu.assignPassageContent
DA:324,50
BRDA:324,7,0,1
DA:325,1
DA:331,49
BRDA:331,8,0,1
DA:332,1
DA:336,1
BRDA:336,9,0,1
DA:337,1
DA:340,47
DA:344,47
BRDA:344,10,0,1
DA:345,1
DA:349,46
BRDA:349,11,0,1
DA:350,1
DA:354,45
DA:356,45
BRDA:356,12,0,4
BRDA:356,12,1,41
DA:358,4
DA:359,41
BRDA:359,13,0,10
DA:361,10
DA:365,45
BRDA:365,14,0,2
DA:366,2
DA:370,43
BRDA:370,15,0,1
DA:371,1
DA:375,42
DA:376,42
BRDA:376,16,0,1
DA:377,1
DA:382,41
DA:385,41
DA:388,41
DA:391,41
BRDA:391,17,0,12
BRDA:391,17,1,6
DA:393,12
BRDA:393,18,0,9
BRDA:393,18,1,6
DA:395,9
BRDA:395,19,0,3
BRDA:395,19,1,6
DA:397,3
DA:398,3
DA:401,6
DA:402,6
DA:408,3
DA:409,3
DA:410,3
DA:411,3
DA:412,3
DA:417,29
DA:418,29
DA:419,29
DA:420,29
DA:424,41
DA:426,41
DA:444,14
FN:444,Nabu.assignPassageMetadata
FNDA:14,Nabu.assignPassageMetadata
DA:445,14
BRDA:445,20,0,1
DA:446,1
DA:452,13
BRDA:452,21,0,1
DA:453,1
DA:457,1
BRDA:457,22,0,1
DA:458,1
DA:461,11
DA:465,11
BRDA:465,23,0,1
DA:466,1
DA:469,10
BRDA:469,24,0,1
DA:470,1
DA:474,9
DA:476,9
BRDA:476,25,0,2
BRDA:476,25,1,7
DA:477,2
DA:479,7
DA:483,9
BRDA:483,26,0,1
DA:484,1
DA:488,8
BRDA:488,27,0,1
DA:489,1
DA:493,7
DA:494,7
BRDA:494,28,0,1
DA:495,1
DA:499,6
DA:502,6
DA:504,6
BRDA:504,29,0,1
DA:505,1
BRDA:505,30,0,1
DA:506,1
DA:510,5
DA:511,5
DA:512,5
DA:513,5
DA:515,5
DA:527,21
FN:527,Nabu.confirmPassageContent
FNDA:21,Nabu.confirmPassageContent
DA:531,21
BRDA:531,31,0,1
DA:532,1
DA:536,1
BRDA:536,32,0,1
DA:537,1
DA:540,19
DA:543,19
BRDA:543,33,0,1
DA:544,1
DA:548,18
BRDA:548,34,0,1
DA:549,1
DA:553,17
BRDA:553,35,0,1
DA:554,1
DA:558,16
DA:560,16
BRDA:560,36,0,6
BRDA:560,36,1,10
DA:562,6
DA:565,10
DA:569,16
BRDA:569,37,0,2
DA:570,2
DA:574,14
BRDA:574,38,0,1
DA:575,1
DA:579,13
DA:580,13
BRDA:580,39,0,1
DA:581,1
DA:585,12
DA:587,12
BRDA:587,40,0,5
BRDA:587,40,1,7
DA:589,5
DA:590,5
DA:593,7
DA:597,12
DA:599,12
DA:617,129
FN:617,Nabu.createWork
FNDA:129,Nabu.createWork
DA:626,129
BRDA:626,41,0,1
DA:627,1
DA:630,128
BRDA:630,42,0,1
DA:631,1
DA:634,127
BRDA:634,43,0,1
DA:635,1
DA:638,126
DA:639,126
BRDA:639,44,0,1
DA:640,1
DA:643,126
DA:645,126
DA:648,126
DA:661,126
DA:662,126
DA:664,126
DA:679,2
FN:679,Nabu.getAshurbanipalAddress
FNDA:2,Nabu.getAshurbanipalAddress
DA:680,2
DA:688,131
FN:688,Nabu.updateAshurbanipal
FNDA:131,Nabu.updateAshurbanipal
DA:689,130
DA:690,130
DA:701,13
FN:701,Nabu.updateBlacklist
FNDA:13,Nabu.updateBlacklist
DA:702,12
DA:705,12
DA:707,12
DA:717,5
FN:717,Nabu.updateWorkAdmin
FNDA:5,Nabu.updateWorkAdmin
DA:718,4
BRDA:718,45,0,1
BRDA:718,45,1,3
DA:719,3
DA:720,3
DA:721,3
DA:732,3
FN:732,Nabu.updateWorkAuthor
FNDA:3,Nabu.updateWorkAuthor
DA:733,1
DA:734,1
DA:743,3
FN:743,Nabu.updateWorkMetadata
FNDA:3,Nabu.updateWorkMetadata
DA:744,1
DA:745,1
DA:754,6
FN:754,Nabu.updateWorkTitle
FNDA:6,Nabu.updateWorkTitle
DA:755,3
BRDA:755,46,0,1
DA:756,1
DA:759,2
DA:760,2
DA:770,4
FN:770,Nabu.updateWorkTotalPassagesCount
FNDA:4,Nabu.updateWorkTotalPassagesCount
DA:774,2
BRDA:774,47,0,1
DA:775,1
DA:778,1
DA:779,1
DA:789,3
FN:789,Nabu.updateWorkUri
FNDA:3,Nabu.updateWorkUri
DA:790,2
DA:791,2
DA:792,2
DA:801,19
FN:801,Nabu.getPassage
FNDA:19,Nabu.getPassage
DA:807,19
BRDA:807,48,0,1
DA:808,1
DA:811,18
DA:813,18
DA:814,18
DA:816,18
BRDA:816,49,0,2
BRDA:816,49,1,16
DA:817,2
DA:819,16
DA:820,16
DA:823,18
BRDA:823,50,0,14
BRDA:823,50,1,4
DA:824,14
DA:826,4
DA:827,4
DA:830,18
DA:847,22
FN:847,Nabu.getWork
FNDA:22,Nabu.getWork
DA:848,22
DA:857,3
FN:857,Nabu.getIsBlacklisted
FNDA:3,Nabu.getIsBlacklisted
DA:858,3
FNF:21
FNH:21
LF:215
LH:215
BRF:63
BRH:63
end_of_record
